[debug] [2023-02-08T13:40:24.320Z] ----------------------------------------------------------------------
[debug] [2023-02-08T13:40:24.323Z] Command:       C:\Program Files\nodejs\node.exe C:\Users\luiz\AppData\Roaming\npm\node_modules\firebase-tools\lib\bin\firebase.js init
[debug] [2023-02-08T13:40:24.324Z] CLI Version:   11.21.0
[debug] [2023-02-08T13:40:24.324Z] Platform:      win32
[debug] [2023-02-08T13:40:24.325Z] Node Version:  v18.13.0
[debug] [2023-02-08T13:40:24.326Z] Time:          Wed Feb 08 2023 10:40:24 GMT-0300 (Horário Padrão de Brasília)
[debug] [2023-02-08T13:40:24.326Z] ----------------------------------------------------------------------
[debug] 
[debug] [2023-02-08T13:40:24.463Z] > command requires scopes: ["email","openid","https://www.googleapis.com/auth/cloudplatformprojects.readonly","https://www.googleapis.com/auth/firebase","https://www.googleapis.com/auth/cloud-platform"]
[debug] [2023-02-08T13:40:24.463Z] > authorizing via signed-in user (cristianogomes89@gmail.com)
[info] 
     ######## #### ########  ######## ########     ###     ######  ########
     ##        ##  ##     ## ##       ##     ##  ##   ##  ##       ##
     ######    ##  ########  ######   ########  #########  ######  ######
     ##        ##  ##    ##  ##       ##     ## ##     ##       ## ##
     ##       #### ##     ## ######## ########  ##     ##  ######  ########

You're about to initialize a Firebase project in this directory:

  C:\Users\luiz\Desktop\instagram-clone-curso

Before we get started, keep in mind:

  * You are initializing within an existing Firebase project directory

